2015-05-28 17:36:40,622 - snh.management.commands.crontw - INFO - Will run the Twitter harvesters.
2015-05-28 17:36:40,905 - snh.management.commands.crontw - ERROR - Highest exception for the twitter cron. Not good.
Traceback (most recent call last):
  File "/srv/Social-Network-Harvester/SocialNetworkHarvester/snh/management/commands/crontw.py", line 22, in handle
    twitterch.run_twitter_harvester()
  File "/srv/Social-Network-Harvester/SocialNetworkHarvester/DebugLogger.py", line 38, in inner
    ret = func(*args, **kwargs)
  File "/srv/Social-Network-Harvester/SocialNetworkHarvester/snh/management/commands/cronharvester/twitterch.py", line 27, in run_twitter_harvester
    harvester.update_client_stats()
  File "/srv/Social-Network-Harvester/SocialNetworkHarvester/DebugLogger.py", line 38, in inner
    ret = func(*args, **kwargs)
  File "/srv/Social-Network-Harvester/SocialNetworkHarvester/snh/models/twittermodel.py", line 78, in update_client_stats
    rate = c.GetRateLimitStatus("search")["resources"]["search"]["/search/tweets"]
  File "build/bdist.linux-x86_64/egg/twitter/api.py", line 3340, in GetRateLimitStatus
    data = self._ParseAndCheckTwitter(json.content)
  File "build/bdist.linux-x86_64/egg/twitter/api.py", line 3496, in _ParseAndCheckTwitter
    self._CheckForTwitterError(data)
  File "build/bdist.linux-x86_64/egg/twitter/api.py", line 3523, in _CheckForTwitterError
    raise TwitterError(data['errors'])
TwitterError: [{u'message': u'Bad Authentication data.', u'code': 215}]
2015-05-28 17:36:40,954 - snh.management.commands.crontw - INFO - The harvest has end for the Twitter harvesters.                                                                                                                                                                                                                                                                                                                                                                                                                                                                                                                                                                                                                                                                                                                                                                                                                                                                                                                                                                                                                                        
2015-05-28 17:39:28,496 - snh.management.commands.crontw - INFO - Will run the Twitter harvesters.
2015-05-28 17:39:28,741 - snh.management.commands.cronharvester.twitterch - INFO - The harvester Sam's Twitter test app is active
2015-05-28 17:39:28,748 - snh.management.commands.cronharvester.twitterch - INFO - START REST: Sam's Twitter test app Stats:{'concrete': {'remaining_hits': 180, 'reset_time_in_seconds': 1432850068, 'last_harvested_user': u'None', 'reset_time': '2015-05-28 17:54:28', 'hourly_limit': 180, 'current_harvested_user': u'None'}, 'abstract': {'current_harvest_start_time': datetime.datetime(2015, 5, 28, 21, 39, 28, 742250), 'harvester_type': None, 'last_harvest_end_time': None, 'harvest_in_progress': True, 'harvester_name': u"Sam's Twitter test app", 'is_active': True, 'last_harvest_start_time': None, 'last_user_harvest_was_aborted': False}}
2015-05-28 17:39:29,278 - snh.management.commands.cronharvester.twitterch - INFO - Start: Sam's Twitter test app:JustinTrudeau(14260960). Hits to go: 180
2015-05-28 17:39:29,278 - snh.management.commands.cronharvester.twitterch - DEBUG - Sam's Twitter test app:JustinTrudeau(14260960):1
2015-05-28 17:39:32,411 - snh.management.commands.cronharvester.twitterch - INFO - Start: Sam's Twitter test app:phcouillard(856550605). Hits to go: 180
2015-05-28 17:39:32,412 - snh.management.commands.cronharvester.twitterch - DEBUG - Sam's Twitter test app:phcouillard(856550605):1
2015-05-28 17:39:36,014 - snh.management.commands.cronharvester.twitterch - INFO - Start: Sam's Twitter test app:PKP_Qc(2842668855). Hits to go: 180
2015-05-28 17:39:36,015 - snh.management.commands.cronharvester.twitterch - DEBUG - Sam's Twitter test app:PKP_Qc(2842668855):1
2015-05-28 17:39:39,382 - snh.management.commands.cronharvester.twitterch - INFO - Start: Sam's Twitter test app:ThomasMulcair(363997684). Hits to go: 180
2015-05-28 17:39:39,382 - snh.management.commands.cronharvester.twitterch - DEBUG - Sam's Twitter test app:ThomasMulcair(363997684):1
2015-05-28 17:39:42,957 - snh.management.commands.cronharvester.twitterch - INFO - Start: Sam's Twitter test app:francoislegault(260846506). Hits to go: 180
2015-05-28 17:39:42,958 - snh.management.commands.cronharvester.twitterch - DEBUG - Sam's Twitter test app:francoislegault(260846506):1
2015-05-28 17:39:46,038 - snh.management.commands.cronharvester.twitterch - INFO - Start: Sam's Twitter test app:pmharper(7401202). Hits to go: 180
2015-05-28 17:39:46,039 - snh.management.commands.cronharvester.twitterch - DEBUG - Sam's Twitter test app:pmharper(7401202):1
2015-05-28 17:39:49,230 - snh.management.commands.cronharvester.twitterch - INFO - End REST: Sam's Twitter test app Stats:{'concrete': {'remaining_hits': 180, 'reset_time_in_seconds': 1432850089, 'last_harvested_user': u'pmharper', 'reset_time': '2015-05-28 17:54:49', 'hourly_limit': 180, 'current_harvested_user': u'None'}, 'abstract': {'current_harvest_start_time': None, 'harvester_type': None, 'last_harvest_end_time': datetime.datetime(2015, 5, 28, 21, 39, 49, 225380), 'harvest_in_progress': False, 'harvester_name': u"Sam's Twitter test app", 'is_active': True, 'last_harvest_start_time': datetime.datetime(2015, 5, 28, 21, 39, 28, 742250), 'last_user_harvest_was_aborted': False}}
2015-05-28 17:39:49,235 - snh.management.commands.cronharvester.twitterch - INFO - START SEARCH API: Sam's Twitter test app Stats:{'concrete': {'remaining_hits': 180, 'reset_time_in_seconds': 1432850089, 'last_harvested_user': u'pmharper', 'reset_time': '2015-05-28 17:54:49', 'hourly_limit': 180, 'current_harvested_user': u'None'}, 'abstract': {'current_harvest_start_time': datetime.datetime(2015, 5, 28, 21, 39, 49, 230577), 'harvester_type': None, 'last_harvest_end_time': datetime.datetime(2015, 5, 28, 21, 39, 49, 225380), 'harvest_in_progress': True, 'harvester_name': u"Sam's Twitter test app", 'is_active': True, 'last_harvest_start_time': datetime.datetime(2015, 5, 28, 21, 39, 28, 742250), 'last_user_harvest_was_aborted': False}}
2015-05-28 17:39:49,238 - snh.management.commands.cronharvester.twitterch - INFO - Will search for liberty; canada; justice; elections; electoral;  at page 1, since_id:None
2015-05-28 17:39:49,239 - snh.management.commands.cronharvester.twitterch - INFO - Getting new page:1 retry:0, params:{u'count': 100, u'term': 'liberty%3B+canada%3B+justice%3B+elections%3B+electoral%3B+', 'include_entities': 'True', u'since_id': None}
2015-05-28 17:39:49,466 - snh.management.commands.cronharvester.twitterch - INFO - Getting new page:1 retry:0, params:{u'count': 100, u'term': 'liberty%3B+canada%3B+justice%3B+elections%3B+electoral%3B+', 'include_entities': 'True', u'since_id': None}
2015-05-28 17:39:49,695 - snh.management.commands.cronharvester.twitterch - INFO - Getting new page:1 retry:0, params:{u'count': 100, u'term': 'liberty%3B+canada%3B+justice%3B+elections%3B+electoral%3B+', 'include_entities': 'True', u'since_id': None}
2015-05-28 17:39:49,904 - snh.management.commands.cronharvester.twitterch - INFO - Getting new page:1 retry:0, params:{u'count': 100, u'term': 'liberty%3B+canada%3B+justice%3B+elections%3B+electoral%3B+', 'include_entities': 'True', u'since_id': None}
2015-05-28 17:39:50,107 - snh.management.commands.cronharvester.twitterch - INFO - Getting new page:1 retry:0, params:{u'count': 100, u'term': 'liberty%3B+canada%3B+justice%3B+elections%3B+electoral%3B+', 'include_entities': 'True', u'since_id': None}
2015-05-28 17:39:50,312 - snh.management.commands.cronharvester.twitterch - INFO - Getting new page:1 retry:0, params:{u'count': 100, u'term': 'liberty%3B+canada%3B+justice%3B+elections%3B+electoral%3B+', 'include_entities': 'True', u'since_id': None}
2015-05-28 17:39:50,508 - snh.management.commands.cronharvester.twitterch - INFO - Getting new page:1 retry:0, params:{u'count': 100, u'term': 'liberty%3B+canada%3B+justice%3B+elections%3B+electoral%3B+', 'include_entities': 'True', u'since_id': None}
2015-05-28 17:39:50,717 - snh.management.commands.cronharvester.twitterch - INFO - Getting new page:1 retry:0, params:{u'count': 100, u'term': 'liberty%3B+canada%3B+justice%3B+elections%3B+electoral%3B+', 'include_entities': 'True', u'since_id': None}
2015-05-28 17:39:50,914 - snh.management.commands.cronharvester.twitterch - INFO - Getting new page:1 retry:0, params:{u'count': 100, u'term': 'liberty%3B+canada%3B+justice%3B+elections%3B+electoral%3B+', 'include_entities': 'True', u'since_id': None}
2015-05-28 17:39:51,108 - snh.management.commands.cronharvester.twitterch - INFO - Getting new page:1 retry:0, params:{u'count': 100, u'term': 'liberty%3B+canada%3B+justice%3B+elections%3B+electoral%3B+', 'include_entities': 'True', u'since_id': None}
2015-05-28 17:39:51,305 - snh.management.commands.cronharvester.twitterch - INFO - Getting new page:1 retry:0, params:{u'count': 100, u'term': 'liberty%3B+canada%3B+justice%3B+elections%3B+electoral%3B+', 'include_entities': 'True', u'since_id': None}
2015-05-28 17:39:51,502 - snh.management.commands.cronharvester.twitterch - INFO - Getting new page:1 retry:0, params:{u'count': 100, u'term': 'liberty%3B+canada%3B+justice%3B+elections%3B+electoral%3B+', 'include_entities': 'True', u'since_id': None}
2015-05-28 17:39:51,707 - snh.management.commands.cronharvester.twitterch - INFO - Getting new page:1 retry:0, params:{u'count': 100, u'term': 'liberty%3B+canada%3B+justice%3B+elections%3B+electoral%3B+', 'include_entities': 'True', u'since_id': None}
2015-05-28 17:39:51,910 - snh.management.commands.cronharvester.twitterch - INFO - Getting new page:1 retry:0, params:{u'count': 100, u'term': 'liberty%3B+canada%3B+justice%3B+elections%3B+electoral%3B+', 'include_entities': 'True', u'since_id': None}
2015-05-28 17:39:52,106 - snh.management.commands.cronharvester.twitterch - INFO - Getting new page:1 retry:0, params:{u'count': 100, u'term': 'liberty%3B+canada%3B+justice%3B+elections%3B+electoral%3B+', 'include_entities': 'True', u'since_id': None}
2015-05-28 17:39:52,317 - snh.management.commands.cronharvester.twitterch - INFO - Getting new page:1 retry:0, params:{u'count': 100, u'term': 'liberty%3B+canada%3B+justice%3B+elections%3B+electoral%3B+', 'include_entities': 'True', u'since_id': None}
2015-05-28 17:39:52,516 - snh.management.commands.cronharvester.twitterch - INFO - Getting new page:1 retry:0, params:{u'count': 100, u'term': 'liberty%3B+canada%3B+justice%3B+elections%3B+electoral%3B+', 'include_entities': 'True', u'since_id': None}
2015-05-28 17:39:52,719 - snh.management.commands.cronharvester.twitterch - INFO - Getting new page:1 retry:0, params:{u'count': 100, u'term': 'liberty%3B+canada%3B+justice%3B+elections%3B+electoral%3B+', 'include_entities': 'True', u'since_id': None}
2015-05-28 17:39:52,925 - snh.management.commands.cronharvester.twitterch - INFO - Getting new page:1 retry:0, params:{u'count': 100, u'term': 'liberty%3B+canada%3B+justice%3B+elections%3B+electoral%3B+', 'include_entities': 'True', u'since_id': None}
2015-05-28 17:39:53,144 - snh.management.commands.cronharvester.twitterch - INFO - Getting new page:1 retry:0, params:{u'count': 100, u'term': 'liberty%3B+canada%3B+justice%3B+elections%3B+electoral%3B+', 'include_entities': 'True', u'since_id': None}
2015-05-28 17:39:53,367 - snh.management.commands.cronharvester.twitterch - INFO - Getting new page:1 retry:0, params:{u'count': 100, u'term': 'liberty%3B+canada%3B+justice%3B+elections%3B+electoral%3B+', 'include_entities': 'True', u'since_id': None}
2015-05-28 17:39:53,582 - snh.management.commands.cronharvester.twitterch - INFO - Getting new page:1 retry:0, params:{u'count': 100, u'term': 'liberty%3B+canada%3B+justice%3B+elections%3B+electoral%3B+', 'include_entities': 'True', u'since_id': None}
2015-05-28 17:39:53,782 - snh.management.commands.cronharvester.twitterch - INFO - Getting new page:1 retry:0, params:{u'count': 100, u'term': 'liberty%3B+canada%3B+justice%3B+elections%3B+electoral%3B+', 'include_entities': 'True', u'since_id': None}
2015-05-28 17:39:53,978 - snh.management.commands.cronharvester.twitterch - INFO - Getting new page:1 retry:0, params:{u'count': 100, u'term': 'liberty%3B+canada%3B+justice%3B+elections%3B+electoral%3B+', 'include_entities': 'True', u'since_id': None}
2015-05-28 17:39:54,178 - snh.management.commands.cronharvester.twitterch - INFO - Getting new page:1 retry:0, params:{u'count': 100, u'term': 'liberty%3B+canada%3B+justice%3B+elections%3B+electoral%3B+', 'include_entities': 'True', u'since_id': None}
2015-05-28 17:39:54,377 - snh.management.commands.cronharvester.twitterch - INFO - Getting new page:1 retry:0, params:{u'count': 100, u'term': 'liberty%3B+canada%3B+justice%3B+elections%3B+electoral%3B+', 'include_entities': 'True', u'since_id': None}
2015-05-28 17:39:54,576 - snh.management.commands.cronharvester.twitterch - INFO - Getting new page:1 retry:0, params:{u'count': 100, u'term': 'liberty%3B+canada%3B+justice%3B+elections%3B+electoral%3B+', 'include_entities': 'True', u'since_id': None}
2015-05-28 17:39:54,774 - snh.management.commands.cronharvester.twitterch - INFO - Getting new page:1 retry:0, params:{u'count': 100, u'term': 'liberty%3B+canada%3B+justice%3B+elections%3B+electoral%3B+', 'include_entities': 'True', u'since_id': None}
2015-05-28 17:39:54,996 - snh.management.commands.cronharvester.twitterch - INFO - Getting new page:1 retry:0, params:{u'count': 100, u'term': 'liberty%3B+canada%3B+justice%3B+elections%3B+electoral%3B+', 'include_entities': 'True', u'since_id': None}
2015-05-28 17:39:55,201 - snh.management.commands.cronharvester.twitterch - INFO - Getting new page:1 retry:0, params:{u'count': 100, u'term': 'liberty%3B+canada%3B+justice%3B+elections%3B+electoral%3B+', 'include_entities': 'True', u'since_id': None}
2015-05-28 17:39:55,397 - snh.management.commands.cronharvester.twitterch - INFO - Getting new page:1 retry:0, params:{u'count': 100, u'term': 'liberty%3B+canada%3B+justice%3B+elections%3B+electoral%3B+', 'include_entities': 'True', u'since_id': None}
2015-05-28 17:39:55,599 - snh.management.commands.cronharvester.twitterch - INFO - Getting new page:1 retry:0, params:{u'count': 100, u'term': 'liberty%3B+canada%3B+justice%3B+elections%3B+electoral%3B+', 'include_entities': 'True', u'since_id': None}
2015-05-28 17:39:55,807 - snh.management.commands.cronharvester.twitterch - INFO - Getting new page:1 retry:0, params:{u'count': 100, u'term': 'liberty%3B+canada%3B+justice%3B+elections%3B+electoral%3B+', 'include_entities': 'True', u'since_id': None}
2015-05-28 17:39:56,016 - snh.management.commands.cronharvester.twitterch - INFO - Getting new page:1 retry:0, params:{u'count': 100, u'term': 'liberty%3B+canada%3B+justice%3B+elections%3B+electoral%3B+', 'include_entities': 'True', u'since_id': None}
2015-05-28 17:39:56,236 - snh.management.commands.cronharvester.twitterch - INFO - Getting new page:1 retry:0, params:{u'count': 100, u'term': 'liberty%3B+canada%3B+justice%3B+elections%3B+electoral%3B+', 'include_entities': 'True', u'since_id': None}
2015-05-28 17:39:56,431 - snh.management.commands.cronharvester.twitterch - INFO - Getting new page:1 retry:0, params:{u'count': 100, u'term': 'liberty%3B+canada%3B+justice%3B+elections%3B+electoral%3B+', 'include_entities': 'True', u'since_id': None}
2015-05-28 17:39:56,625 - snh.management.commands.cronharvester.twitterch - INFO - Getting new page:1 retry:0, params:{u'count': 100, u'term': 'liberty%3B+canada%3B+justice%3B+elections%3B+electoral%3B+', 'include_entities': 'True', u'since_id': None}
2015-05-28 17:39:56,822 - snh.management.commands.cronharvester.twitterch - INFO - Getting new page:1 retry:0, params:{u'count': 100, u'term': 'liberty%3B+canada%3B+justice%3B+elections%3B+electoral%3B+', 'include_entities': 'True', u'since_id': None}
2015-05-28 17:39:57,018 - snh.management.commands.cronharvester.twitterch - INFO - Getting new page:1 retry:0, params:{u'count': 100, u'term': 'liberty%3B+canada%3B+justice%3B+elections%3B+electoral%3B+', 'include_entities': 'True', u'since_id': None}
2015-05-28 17:39:57,219 - snh.management.commands.cronharvester.twitterch - INFO - Getting new page:1 retry:0, params:{u'count': 100, u'term': 'liberty%3B+canada%3B+justice%3B+elections%3B+electoral%3B+', 'include_entities': 'True', u'since_id': None}
2015-05-28 17:39:57,434 - snh.management.commands.cronharvester.twitterch - INFO - Getting new page:1 retry:0, params:{u'count': 100, u'term': 'liberty%3B+canada%3B+justice%3B+elections%3B+electoral%3B+', 'include_entities': 'True', u'since_id': None}
2015-05-28 17:39:57,642 - snh.management.commands.cronharvester.twitterch - INFO - Getting new page:1 retry:0, params:{u'count': 100, u'term': 'liberty%3B+canada%3B+justice%3B+elections%3B+electoral%3B+', 'include_entities': 'True', u'since_id': None}
2015-05-28 17:39:57,861 - snh.management.commands.cronharvester.twitterch - INFO - Getting new page:1 retry:0, params:{u'count': 100, u'term': 'liberty%3B+canada%3B+justice%3B+elections%3B+electoral%3B+', 'include_entities': 'True', u'since_id': None}
2015-05-28 17:39:58,058 - snh.management.commands.cronharvester.twitterch - INFO - Getting new page:1 retry:0, params:{u'count': 100, u'term': 'liberty%3B+canada%3B+justice%3B+elections%3B+electoral%3B+', 'include_entities': 'True', u'since_id': None}
2015-05-28 17:39:58,271 - snh.management.commands.cronharvester.twitterch - INFO - Getting new page:1 retry:0, params:{u'count': 100, u'term': 'liberty%3B+canada%3B+justice%3B+elections%3B+electoral%3B+', 'include_entities': 'True', u'since_id': None}
2015-05-28 17:39:58,475 - snh.management.commands.cronharvester.twitterch - INFO - Getting new page:1 retry:0, params:{u'count': 100, u'term': 'liberty%3B+canada%3B+justice%3B+elections%3B+electoral%3B+', 'include_entities': 'True', u'since_id': None}
2015-05-28 17:39:58,681 - snh.management.commands.cronharvester.twitterch - INFO - Getting new page:1 retry:0, params:{u'count': 100, u'term': 'liberty%3B+canada%3B+justice%3B+elections%3B+electoral%3B+', 'include_entities': 'True', u'since_id': None}
2015-05-28 17:39:58,885 - snh.management.commands.cronharvester.twitterch - INFO - Getting new page:1 retry:0, params:{u'count': 100, u'term': 'liberty%3B+canada%3B+justice%3B+elections%3B+electoral%3B+', 'include_entities': 'True', u'since_id': None}
2015-05-28 17:39:59,100 - snh.management.commands.cronharvester.twitterch - INFO - Getting new page:1 retry:0, params:{u'count': 100, u'term': 'liberty%3B+canada%3B+justice%3B+elections%3B+electoral%3B+', 'include_entities': 'True', u'since_id': None}
2015-05-28 17:39:59,308 - snh.management.commands.cronharvester.twitterch - INFO - Getting new page:1 retry:0, params:{u'count': 100, u'term': 'liberty%3B+canada%3B+justice%3B+elections%3B+electoral%3B+', 'include_entities': 'True', u'since_id': None}
2015-05-28 17:39:59,516 - snh.management.commands.cronharvester.twitterch - INFO - Getting new page:1 retry:0, params:{u'count': 100, u'term': 'liberty%3B+canada%3B+justice%3B+elections%3B+electoral%3B+', 'include_entities': 'True', u'since_id': None}
2015-05-28 17:39:59,723 - snh.management.commands.cronharvester.twitterch - INFO - Getting new page:1 retry:0, params:{u'count': 100, u'term': 'liberty%3B+canada%3B+justice%3B+elections%3B+electoral%3B+', 'include_entities': 'True', u'since_id': None}
2015-05-28 17:39:59,930 - snh.management.commands.cronharvester.twitterch - INFO - Getting new page:1 retry:0, params:{u'count': 100, u'term': 'liberty%3B+canada%3B+justice%3B+elections%3B+electoral%3B+', 'include_entities': 'True', u'since_id': None}
2015-05-28 17:40:00,146 - snh.management.commands.cronharvester.twitterch - INFO - Getting new page:1 retry:0, params:{u'count': 100, u'term': 'liberty%3B+canada%3B+justice%3B+elections%3B+electoral%3B+', 'include_entities': 'True', u'since_id': None}
2015-05-28 17:40:00,361 - snh.management.commands.cronharvester.twitterch - INFO - Getting new page:1 retry:0, params:{u'count': 100, u'term': 'liberty%3B+canada%3B+justice%3B+elections%3B+electoral%3B+', 'include_entities': 'True', u'since_id': None}
2015-05-28 17:40:00,572 - snh.management.commands.cronharvester.twitterch - INFO - Getting new page:1 retry:0, params:{u'count': 100, u'term': 'liberty%3B+canada%3B+justice%3B+elections%3B+electoral%3B+', 'include_entities': 'True', u'since_id': None}
2015-05-28 17:40:00,783 - snh.management.commands.cronharvester.twitterch - INFO - Getting new page:1 retry:0, params:{u'count': 100, u'term': 'liberty%3B+canada%3B+justice%3B+elections%3B+electoral%3B+', 'include_entities': 'True', u'since_id': None}
2015-05-28 17:40:01,009 - snh.management.commands.cronharvester.twitterch - INFO - Getting new page:1 retry:0, params:{u'count': 100, u'term': 'liberty%3B+canada%3B+justice%3B+elections%3B+electoral%3B+', 'include_entities': 'True', u'since_id': None}
2015-05-28 17:40:01,224 - snh.management.commands.cronharvester.twitterch - INFO - Getting new page:1 retry:0, params:{u'count': 100, u'term': 'liberty%3B+canada%3B+justice%3B+elections%3B+electoral%3B+', 'include_entities': 'True', u'since_id': None}
2015-05-28 17:40:01,439 - snh.management.commands.cronharvester.twitterch - INFO - Getting new page:1 retry:0, params:{u'count': 100, u'term': 'liberty%3B+canada%3B+justice%3B+elections%3B+electoral%3B+', 'include_entities': 'True', u'since_id': None}
2015-05-28 17:40:01,643 - snh.management.commands.cronharvester.twitterch - INFO - Getting new page:1 retry:0, params:{u'count': 100, u'term': 'liberty%3B+canada%3B+justice%3B+elections%3B+electoral%3B+', 'include_entities': 'True', u'since_id': None}
2015-05-28 17:40:01,851 - snh.management.commands.cronharvester.twitterch - INFO - Getting new page:1 retry:0, params:{u'count': 100, u'term': 'liberty%3B+canada%3B+justice%3B+elections%3B+electoral%3B+', 'include_entities': 'True', u'since_id': None}
2015-05-28 17:40:02,074 - snh.management.commands.cronharvester.twitterch - INFO - Getting new page:1 retry:0, params:{u'count': 100, u'term': 'liberty%3B+canada%3B+justice%3B+elections%3B+electoral%3B+', 'include_entities': 'True', u'since_id': None}
2015-05-28 17:40:02,311 - snh.management.commands.cronharvester.twitterch - INFO - Getting new page:1 retry:0, params:{u'count': 100, u'term': 'liberty%3B+canada%3B+justice%3B+elections%3B+electoral%3B+', 'include_entities': 'True', u'since_id': None}
2015-05-28 17:40:02,525 - snh.management.commands.cronharvester.twitterch - INFO - Getting new page:1 retry:0, params:{u'count': 100, u'term': 'liberty%3B+canada%3B+justice%3B+elections%3B+electoral%3B+', 'include_entities': 'True', u'since_id': None}
2015-05-28 17:40:02,725 - snh.management.commands.cronharvester.twitterch - INFO - Getting new page:1 retry:0, params:{u'count': 100, u'term': 'liberty%3B+canada%3B+justice%3B+elections%3B+electoral%3B+', 'include_entities': 'True', u'since_id': None}
2015-05-28 17:40:02,937 - snh.management.commands.cronharvester.twitterch - INFO - Getting new page:1 retry:0, params:{u'count': 100, u'term': 'liberty%3B+canada%3B+justice%3B+elections%3B+electoral%3B+', 'include_entities': 'True', u'since_id': None}
2015-05-28 17:40:03,156 - snh.management.commands.cronharvester.twitterch - INFO - Getting new page:1 retry:0, params:{u'count': 100, u'term': 'liberty%3B+canada%3B+justice%3B+elections%3B+electoral%3B+', 'include_entities': 'True', u'since_id': None}
2015-05-28 17:40:03,358 - snh.management.commands.cronharvester.twitterch - INFO - Getting new page:1 retry:0, params:{u'count': 100, u'term': 'liberty%3B+canada%3B+justice%3B+elections%3B+electoral%3B+', 'include_entities': 'True', u'since_id': None}
2015-05-28 17:40:03,560 - snh.management.commands.cronharvester.twitterch - INFO - Getting new page:1 retry:0, params:{u'count': 100, u'term': 'liberty%3B+canada%3B+justice%3B+elections%3B+electoral%3B+', 'include_entities': 'True', u'since_id': None}
2015-05-28 17:40:03,764 - snh.management.commands.cronharvester.twitterch - INFO - Getting new page:1 retry:0, params:{u'count': 100, u'term': 'liberty%3B+canada%3B+justice%3B+elections%3B+electoral%3B+', 'include_entities': 'True', u'since_id': None}
2015-05-28 17:40:03,964 - snh.management.commands.cronharvester.twitterch - INFO - Getting new page:1 retry:0, params:{u'count': 100, u'term': 'liberty%3B+canada%3B+justice%3B+elections%3B+electoral%3B+', 'include_entities': 'True', u'since_id': None}
2015-05-28 17:40:04,169 - snh.management.commands.cronharvester.twitterch - INFO - Getting new page:1 retry:0, params:{u'count': 100, u'term': 'liberty%3B+canada%3B+justice%3B+elections%3B+electoral%3B+', 'include_entities': 'True', u'since_id': None}
2015-05-28 17:40:04,386 - snh.management.commands.cronharvester.twitterch - INFO - Getting new page:1 retry:0, params:{u'count': 100, u'term': 'liberty%3B+canada%3B+justice%3B+elections%3B+electoral%3B+', 'include_entities': 'True', u'since_id': None}
2015-05-28 17:40:04,584 - snh.management.commands.cronharvester.twitterch - INFO - Getting new page:1 retry:0, params:{u'count': 100, u'term': 'liberty%3B+canada%3B+justice%3B+elections%3B+electoral%3B+', 'include_entities': 'True', u'since_id': None}
2015-05-28 17:40:04,786 - snh.management.commands.cronharvester.twitterch - INFO - Getting new page:1 retry:0, params:{u'count': 100, u'term': 'liberty%3B+canada%3B+justice%3B+elections%3B+electoral%3B+', 'include_entities': 'True', u'since_id': None}
2015-05-28 17:40:04,989 - snh.management.commands.cronharvester.twitterch - INFO - Getting new page:1 retry:0, params:{u'count': 100, u'term': 'liberty%3B+canada%3B+justice%3B+elections%3B+electoral%3B+', 'include_entities': 'True', u'since_id': None}
2015-05-28 17:40:05,197 - snh.management.commands.cronharvester.twitterch - INFO - Getting new page:1 retry:0, params:{u'count': 100, u'term': 'liberty%3B+canada%3B+justice%3B+elections%3B+electoral%3B+', 'include_entities': 'True', u'since_id': None}
2015-05-28 17:40:05,403 - snh.management.commands.cronharvester.twitterch - INFO - Getting new page:1 retry:0, params:{u'count': 100, u'term': 'liberty%3B+canada%3B+justice%3B+elections%3B+electoral%3B+', 'include_entities': 'True', u'since_id': None}
2015-05-28 17:40:05,605 - snh.management.commands.cronharvester.twitterch - INFO - Getting new page:1 retry:0, params:{u'count': 100, u'term': 'liberty%3B+canada%3B+justice%3B+elections%3B+electoral%3B+', 'include_entities': 'True', u'since_id': None}
2015-05-28 17:40:05,801 - snh.management.commands.cronharvester.twitterch - INFO - Getting new page:1 retry:0, params:{u'count': 100, u'term': 'liberty%3B+canada%3B+justice%3B+elections%3B+electoral%3B+', 'include_entities': 'True', u'since_id': None}
2015-05-28 17:40:06,005 - snh.management.commands.cronharvester.twitterch - INFO - Getting new page:1 retry:0, params:{u'count': 100, u'term': 'liberty%3B+canada%3B+justice%3B+elections%3B+electoral%3B+', 'include_entities': 'True', u'since_id': None}
2015-05-28 17:40:06,202 - snh.management.commands.cronharvester.twitterch - INFO - Getting new page:1 retry:0, params:{u'count': 100, u'term': 'liberty%3B+canada%3B+justice%3B+elections%3B+electoral%3B+', 'include_entities': 'True', u'since_id': None}
2015-05-28 17:40:06,401 - snh.management.commands.cronharvester.twitterch - INFO - Getting new page:1 retry:0, params:{u'count': 100, u'term': 'liberty%3B+canada%3B+justice%3B+elections%3B+electoral%3B+', 'include_entities': 'True', u'since_id': None}
2015-05-28 17:40:06,614 - snh.management.commands.cronharvester.twitterch - INFO - Getting new page:1 retry:0, params:{u'count': 100, u'term': 'liberty%3B+canada%3B+justice%3B+elections%3B+electoral%3B+', 'include_entities': 'True', u'since_id': None}
2015-05-28 17:40:06,832 - snh.management.commands.cronharvester.twitterch - INFO - Getting new page:1 retry:0, params:{u'count': 100, u'term': 'liberty%3B+canada%3B+justice%3B+elections%3B+electoral%3B+', 'include_entities': 'True', u'since_id': None}
2015-05-28 17:40:07,036 - snh.management.commands.cronharvester.twitterch - INFO - Getting new page:1 retry:0, params:{u'count': 100, u'term': 'liberty%3B+canada%3B+justice%3B+elections%3B+electoral%3B+', 'include_entities': 'True', u'since_id': None}
2015-05-28 17:40:07,250 - snh.management.commands.cronharvester.twitterch - INFO - Getting new page:1 retry:0, params:{u'count': 100, u'term': 'liberty%3B+canada%3B+justice%3B+elections%3B+electoral%3B+', 'include_entities': 'True', u'since_id': None}
2015-05-28 17:40:07,448 - snh.management.commands.cronharvester.twitterch - INFO - Getting new page:1 retry:0, params:{u'count': 100, u'term': 'liberty%3B+canada%3B+justice%3B+elections%3B+electoral%3B+', 'include_entities': 'True', u'since_id': None}
2015-05-28 17:40:07,647 - snh.management.commands.cronharvester.twitterch - INFO - Getting new page:1 retry:0, params:{u'count': 100, u'term': 'liberty%3B+canada%3B+justice%3B+elections%3B+electoral%3B+', 'include_entities': 'True', u'since_id': None}
2015-05-28 17:40:07,853 - snh.management.commands.cronharvester.twitterch - INFO - Getting new page:1 retry:0, params:{u'count': 100, u'term': 'liberty%3B+canada%3B+justice%3B+elections%3B+electoral%3B+', 'include_entities': 'True', u'since_id': None}
2015-05-28 17:40:08,059 - snh.management.commands.cronharvester.twitterch - INFO - Getting new page:1 retry:0, params:{u'count': 100, u'term': 'liberty%3B+canada%3B+justice%3B+elections%3B+electoral%3B+', 'include_entities': 'True', u'since_id': None}
2015-05-28 17:40:08,265 - snh.management.commands.cronharvester.twitterch - INFO - Getting new page:1 retry:0, params:{u'count': 100, u'term': 'liberty%3B+canada%3B+justice%3B+elections%3B+electoral%3B+', 'include_entities': 'True', u'since_id': None}
2015-05-28 17:40:08,461 - snh.management.commands.cronharvester.twitterch - INFO - Getting new page:1 retry:0, params:{u'count': 100, u'term': 'liberty%3B+canada%3B+justice%3B+elections%3B+electoral%3B+', 'include_entities': 'True', u'since_id': None}
2015-05-28 17:40:08,667 - snh.management.commands.cronharvester.twitterch - INFO - Getting new page:1 retry:0, params:{u'count': 100, u'term': 'liberty%3B+canada%3B+justice%3B+elections%3B+electoral%3B+', 'include_entities': 'True', u'since_id': None}
2015-05-28 17:40:08,885 - snh.management.commands.cronharvester.twitterch - INFO - Getting new page:1 retry:0, params:{u'count': 100, u'term': 'liberty%3B+canada%3B+justice%3B+elections%3B+electoral%3B+', 'include_entities': 'True', u'since_id': None}
2015-05-28 17:40:09,094 - snh.management.commands.cronharvester.twitterch - INFO - Getting new page:1 retry:0, params:{u'count': 100, u'term': 'liberty%3B+canada%3B+justice%3B+elections%3B+electoral%3B+', 'include_entities': 'True', u'since_id': None}
2015-05-28 17:40:09,302 - snh.management.commands.cronharvester.twitterch - INFO - Getting new page:1 retry:0, params:{u'count': 100, u'term': 'liberty%3B+canada%3B+justice%3B+elections%3B+electoral%3B+', 'include_entities': 'True', u'since_id': None}
2015-05-28 17:40:09,524 - snh.management.commands.cronharvester.twitterch - INFO - Getting new page:1 retry:0, params:{u'count': 100, u'term': 'liberty%3B+canada%3B+justice%3B+elections%3B+electoral%3B+', 'include_entities': 'True', u'since_id': None}
2015-05-28 17:40:09,769 - snh.management.commands.cronharvester.twitterch - INFO - Getting new page:1 retry:0, params:{u'count': 100, u'term': 'liberty%3B+canada%3B+justice%3B+elections%3B+electoral%3B+', 'include_entities': 'True', u'since_id': None}
2015-05-28 17:40:10,008 - snh.management.commands.cronharvester.twitterch - INFO - Getting new page:1 retry:0, params:{u'count': 100, u'term': 'liberty%3B+canada%3B+justice%3B+elections%3B+electoral%3B+', 'include_entities': 'True', u'since_id': None}
2015-05-28 17:40:10,221 - snh.management.commands.cronharvester.twitterch - INFO - Getting new page:1 retry:0, params:{u'count': 100, u'term': 'liberty%3B+canada%3B+justice%3B+elections%3B+electoral%3B+', 'include_entities': 'True', u'since_id': None}
2015-05-28 17:40:10,427 - snh.management.commands.cronharvester.twitterch - INFO - Getting new page:1 retry:0, params:{u'count': 100, u'term': 'liberty%3B+canada%3B+justice%3B+elections%3B+electoral%3B+', 'include_entities': 'True', u'since_id': None}
2015-05-28 17:40:10,633 - snh.management.commands.cronharvester.twitterch - INFO - Getting new page:1 retry:0, params:{u'count': 100, u'term': 'liberty%3B+canada%3B+justice%3B+elections%3B+electoral%3B+', 'include_entities': 'True', u'since_id': None}
2015-05-28 17:40:10,828 - snh.management.commands.cronharvester.twitterch - INFO - Getting new page:1 retry:0, params:{u'count': 100, u'term': 'liberty%3B+canada%3B+justice%3B+elections%3B+electoral%3B+', 'include_entities': 'True', u'since_id': None}
2015-05-28 17:40:11,034 - snh.management.commands.cronharvester.twitterch - INFO - Getting new page:1 retry:0, params:{u'count': 100, u'term': 'liberty%3B+canada%3B+justice%3B+elections%3B+electoral%3B+', 'include_entities': 'True', u'since_id': None}
2015-05-28 17:40:11,234 - snh.management.commands.cronharvester.twitterch - INFO - Getting new page:1 retry:0, params:{u'count': 100, u'term': 'liberty%3B+canada%3B+justice%3B+elections%3B+electoral%3B+', 'include_entities': 'True', u'since_id': None}
2015-05-28 17:40:11,441 - snh.management.commands.cronharvester.twitterch - INFO - Getting new page:1 retry:0, params:{u'count': 100, u'term': 'liberty%3B+canada%3B+justice%3B+elections%3B+electoral%3B+', 'include_entities': 'True', u'since_id': None}
2015-05-28 17:40:11,677 - snh.management.commands.cronharvester.twitterch - INFO - Getting new page:1 retry:0, params:{u'count': 100, u'term': 'liberty%3B+canada%3B+justice%3B+elections%3B+electoral%3B+', 'include_entities': 'True', u'since_id': None}
2015-05-28 17:40:11,877 - snh.management.commands.cronharvester.twitterch - INFO - Getting new page:1 retry:0, params:{u'count': 100, u'term': 'liberty%3B+canada%3B+justice%3B+elections%3B+electoral%3B+', 'include_entities': 'True', u'since_id': None}
2015-05-28 17:40:12,109 - snh.management.commands.cronharvester.twitterch - INFO - Getting new page:1 retry:0, params:{u'count': 100, u'term': 'liberty%3B+canada%3B+justice%3B+elections%3B+electoral%3B+', 'include_entities': 'True', u'since_id': None}
2015-05-28 17:40:12,310 - snh.management.commands.cronharvester.twitterch - INFO - Getting new page:1 retry:0, params:{u'count': 100, u'term': 'liberty%3B+canada%3B+justice%3B+elections%3B+electoral%3B+', 'include_entities': 'True', u'since_id': None}
2015-05-28 17:40:12,519 - snh.management.commands.cronharvester.twitterch - INFO - Getting new page:1 retry:0, params:{u'count': 100, u'term': 'liberty%3B+canada%3B+justice%3B+elections%3B+electoral%3B+', 'include_entities': 'True', u'since_id': None}
2015-05-28 17:40:12,722 - snh.management.commands.cronharvester.twitterch - INFO - Getting new page:1 retry:0, params:{u'count': 100, u'term': 'liberty%3B+canada%3B+justice%3B+elections%3B+electoral%3B+', 'include_entities': 'True', u'since_id': None}
2015-05-28 17:40:12,923 - snh.management.commands.cronharvester.twitterch - INFO - Getting new page:1 retry:0, params:{u'count': 100, u'term': 'liberty%3B+canada%3B+justice%3B+elections%3B+electoral%3B+', 'include_entities': 'True', u'since_id': None}
2015-05-28 17:40:13,137 - snh.management.commands.cronharvester.twitterch - INFO - Getting new page:1 retry:0, params:{u'count': 100, u'term': 'liberty%3B+canada%3B+justice%3B+elections%3B+electoral%3B+', 'include_entities': 'True', u'since_id': None}
2015-05-28 17:40:13,338 - snh.management.commands.cronharvester.twitterch - INFO - Getting new page:1 retry:0, params:{u'count': 100, u'term': 'liberty%3B+canada%3B+justice%3B+elections%3B+electoral%3B+', 'include_entities': 'True', u'since_id': None}
2015-05-28 17:40:13,538 - snh.management.commands.cronharvester.twitterch - INFO - Getting new page:1 retry:0, params:{u'count': 100, u'term': 'liberty%3B+canada%3B+justice%3B+elections%3B+electoral%3B+', 'include_entities': 'True', u'since_id': None}
2015-05-28 17:40:13,745 - snh.management.commands.cronharvester.twitterch - INFO - Getting new page:1 retry:0, params:{u'count': 100, u'term': 'liberty%3B+canada%3B+justice%3B+elections%3B+electoral%3B+', 'include_entities': 'True', u'since_id': None}
2015-05-28 17:40:13,950 - snh.management.commands.cronharvester.twitterch - INFO - Getting new page:1 retry:0, params:{u'count': 100, u'term': 'liberty%3B+canada%3B+justice%3B+elections%3B+electoral%3B+', 'include_entities': 'True', u'since_id': None}
2015-05-28 17:40:14,161 - snh.management.commands.cronharvester.twitterch - INFO - Getting new page:1 retry:0, params:{u'count': 100, u'term': 'liberty%3B+canada%3B+justice%3B+elections%3B+electoral%3B+', 'include_entities': 'True', u'since_id': None}
2015-05-28 17:40:14,364 - snh.management.commands.cronharvester.twitterch - INFO - Getting new page:1 retry:0, params:{u'count': 100, u'term': 'liberty%3B+canada%3B+justice%3B+elections%3B+electoral%3B+', 'include_entities': 'True', u'since_id': None}
2015-05-28 17:40:14,576 - snh.management.commands.cronharvester.twitterch - INFO - Getting new page:1 retry:0, params:{u'count': 100, u'term': 'liberty%3B+canada%3B+justice%3B+elections%3B+electoral%3B+', 'include_entities': 'True', u'since_id': None}
2015-05-28 17:40:14,776 - snh.management.commands.cronharvester.twitterch - INFO - Getting new page:1 retry:0, params:{u'count': 100, u'term': 'liberty%3B+canada%3B+justice%3B+elections%3B+electoral%3B+', 'include_entities': 'True', u'since_id': None}
2015-05-28 17:40:14,975 - snh.management.commands.cronharvester.twitterch - INFO - Getting new page:1 retry:0, params:{u'count': 100, u'term': 'liberty%3B+canada%3B+justice%3B+elections%3B+electoral%3B+', 'include_entities': 'True', u'since_id': None}
2015-05-28 17:40:15,198 - snh.management.commands.cronharvester.twitterch - INFO - Getting new page:1 retry:0, params:{u'count': 100, u'term': 'liberty%3B+canada%3B+justice%3B+elections%3B+electoral%3B+', 'include_entities': 'True', u'since_id': None}
2015-05-28 17:40:15,396 - snh.management.commands.cronharvester.twitterch - INFO - Getting new page:1 retry:0, params:{u'count': 100, u'term': 'liberty%3B+canada%3B+justice%3B+elections%3B+electoral%3B+', 'include_entities': 'True', u'since_id': None}
2015-05-28 17:40:15,602 - snh.management.commands.cronharvester.twitterch - INFO - Getting new page:1 retry:0, params:{u'count': 100, u'term': 'liberty%3B+canada%3B+justice%3B+elections%3B+electoral%3B+', 'include_entities': 'True', u'since_id': None}
2015-05-28 17:40:15,825 - snh.management.commands.cronharvester.twitterch - INFO - Getting new page:1 retry:0, params:{u'count': 100, u'term': 'liberty%3B+canada%3B+justice%3B+elections%3B+electoral%3B+', 'include_entities': 'True', u'since_id': None}
2015-05-28 17:40:16,033 - snh.management.commands.cronharvester.twitterch - INFO - Getting new page:1 retry:0, params:{u'count': 100, u'term': 'liberty%3B+canada%3B+justice%3B+elections%3B+electoral%3B+', 'include_entities': 'True', u'since_id': None}
2015-05-28 17:40:16,238 - snh.management.commands.cronharvester.twitterch - INFO - Getting new page:1 retry:0, params:{u'count': 100, u'term': 'liberty%3B+canada%3B+justice%3B+elections%3B+electoral%3B+', 'include_entities': 'True', u'since_id': None}
2015-05-28 17:40:16,436 - snh.management.commands.cronharvester.twitterch - INFO - Getting new page:1 retry:0, params:{u'count': 100, u'term': 'liberty%3B+canada%3B+justice%3B+elections%3B+electoral%3B+', 'include_entities': 'True', u'since_id': None}
2015-05-28 17:40:16,647 - snh.management.commands.cronharvester.twitterch - INFO - Getting new page:1 retry:0, params:{u'count': 100, u'term': 'liberty%3B+canada%3B+justice%3B+elections%3B+electoral%3B+', 'include_entities': 'True', u'since_id': None}
2015-05-28 17:40:16,861 - snh.management.commands.cronharvester.twitterch - INFO - Getting new page:1 retry:0, params:{u'count': 100, u'term': 'liberty%3B+canada%3B+justice%3B+elections%3B+electoral%3B+', 'include_entities': 'True', u'since_id': None}
2015-05-28 17:40:17,069 - snh.management.commands.cronharvester.twitterch - INFO - Getting new page:1 retry:0, params:{u'count': 100, u'term': 'liberty%3B+canada%3B+justice%3B+elections%3B+electoral%3B+', 'include_entities': 'True', u'since_id': None}
2015-05-28 17:40:17,265 - snh.management.commands.cronharvester.twitterch - INFO - Getting new page:1 retry:0, params:{u'count': 100, u'term': 'liberty%3B+canada%3B+justice%3B+elections%3B+electoral%3B+', 'include_entities': 'True', u'since_id': None}
2015-05-28 17:40:17,467 - snh.management.commands.cronharvester.twitterch - INFO - Getting new page:1 retry:0, params:{u'count': 100, u'term': 'liberty%3B+canada%3B+justice%3B+elections%3B+electoral%3B+', 'include_entities': 'True', u'since_id': None}
2015-05-28 17:40:17,685 - snh.management.commands.cronharvester.twitterch - INFO - Getting new page:1 retry:0, params:{u'count': 100, u'term': 'liberty%3B+canada%3B+justice%3B+elections%3B+electoral%3B+', 'include_entities': 'True', u'since_id': None}
2015-05-28 17:40:17,892 - snh.management.commands.cronharvester.twitterch - INFO - Getting new page:1 retry:0, params:{u'count': 100, u'term': 'liberty%3B+canada%3B+justice%3B+elections%3B+electoral%3B+', 'include_entities': 'True', u'since_id': None}
2015-05-28 17:40:18,100 - snh.management.commands.cronharvester.twitterch - INFO - Getting new page:1 retry:0, params:{u'count': 100, u'term': 'liberty%3B+canada%3B+justice%3B+elections%3B+electoral%3B+', 'include_entities': 'True', u'since_id': None}
2015-05-28 17:40:18,314 - snh.management.commands.cronharvester.twitterch - INFO - Getting new page:1 retry:0, params:{u'count': 100, u'term': 'liberty%3B+canada%3B+justice%3B+elections%3B+electoral%3B+', 'include_entities': 'True', u'since_id': None}
2015-05-28 17:40:18,525 - snh.management.commands.cronharvester.twitterch - INFO - Getting new page:1 retry:0, params:{u'count': 100, u'term': 'liberty%3B+canada%3B+justice%3B+elections%3B+electoral%3B+', 'include_entities': 'True', u'since_id': None}
2015-05-28 17:40:18,732 - snh.management.commands.cronharvester.twitterch - INFO - Getting new page:1 retry:0, params:{u'count': 100, u'term': 'liberty%3B+canada%3B+justice%3B+elections%3B+electoral%3B+', 'include_entities': 'True', u'since_id': None}
2015-05-28 17:40:18,940 - snh.management.commands.cronharvester.twitterch - INFO - Getting new page:1 retry:0, params:{u'count': 100, u'term': 'liberty%3B+canada%3B+justice%3B+elections%3B+electoral%3B+', 'include_entities': 'True', u'since_id': None}
2015-05-28 17:40:19,137 - snh.management.commands.cronharvester.twitterch - INFO - Getting new page:1 retry:0, params:{u'count': 100, u'term': 'liberty%3B+canada%3B+justice%3B+elections%3B+electoral%3B+', 'include_entities': 'True', u'since_id': None}
2015-05-28 17:40:19,347 - snh.management.commands.cronharvester.twitterch - INFO - Getting new page:1 retry:0, params:{u'count': 100, u'term': 'liberty%3B+canada%3B+justice%3B+elections%3B+electoral%3B+', 'include_entities': 'True', u'since_id': None}
2015-05-28 17:40:19,561 - snh.management.commands.cronharvester.twitterch - INFO - Getting new page:1 retry:0, params:{u'count': 100, u'term': 'liberty%3B+canada%3B+justice%3B+elections%3B+electoral%3B+', 'include_entities': 'True', u'since_id': None}
2015-05-28 17:40:19,774 - snh.management.commands.cronharvester.twitterch - INFO - Getting new page:1 retry:0, params:{u'count': 100, u'term': 'liberty%3B+canada%3B+justice%3B+elections%3B+electoral%3B+', 'include_entities': 'True', u'since_id': None}
2015-05-28 17:40:19,976 - snh.management.commands.cronharvester.twitterch - INFO - Getting new page:1 retry:0, params:{u'count': 100, u'term': 'liberty%3B+canada%3B+justice%3B+elections%3B+electoral%3B+', 'include_entities': 'True', u'since_id': None}
2015-05-28 17:40:20,185 - snh.management.commands.cronharvester.twitterch - INFO - Getting new page:1 retry:0, params:{u'count': 100, u'term': 'liberty%3B+canada%3B+justice%3B+elections%3B+electoral%3B+', 'include_entities': 'True', u'since_id': None}
2015-05-28 17:40:20,391 - snh.management.commands.cronharvester.twitterch - INFO - Getting new page:1 retry:0, params:{u'count': 100, u'term': 'liberty%3B+canada%3B+justice%3B+elections%3B+electoral%3B+', 'include_entities': 'True', u'since_id': None}
2015-05-28 17:40:20,591 - snh.management.commands.cronharvester.twitterch - INFO - Getting new page:1 retry:0, params:{u'count': 100, u'term': 'liberty%3B+canada%3B+justice%3B+elections%3B+electoral%3B+', 'include_entities': 'True', u'since_id': None}
2015-05-28 17:40:20,804 - snh.management.commands.cronharvester.twitterch - INFO - Getting new page:1 retry:0, params:{u'count': 100, u'term': 'liberty%3B+canada%3B+justice%3B+elections%3B+electoral%3B+', 'include_entities': 'True', u'since_id': None}
2015-05-28 17:40:21,016 - snh.management.commands.cronharvester.twitterch - INFO - Getting new page:1 retry:0, params:{u'count': 100, u'term': 'liberty%3B+canada%3B+justice%3B+elections%3B+electoral%3B+', 'include_entities': 'True', u'since_id': None}
2015-05-28 17:40:21,213 - snh.management.commands.cronharvester.twitterch - INFO - Getting new page:1 retry:0, params:{u'count': 100, u'term': 'liberty%3B+canada%3B+justice%3B+elections%3B+electoral%3B+', 'include_entities': 'True', u'since_id': None}
2015-05-28 17:40:21,414 - snh.management.commands.cronharvester.twitterch - INFO - Getting new page:1 retry:0, params:{u'count': 100, u'term': 'liberty%3B+canada%3B+justice%3B+elections%3B+electoral%3B+', 'include_entities': 'True', u'since_id': None}
2015-05-28 17:40:21,625 - snh.management.commands.cronharvester.twitterch - INFO - Getting new page:1 retry:0, params:{u'count': 100, u'term': 'liberty%3B+canada%3B+justice%3B+elections%3B+electoral%3B+', 'include_entities': 'True', u'since_id': None}
2015-05-28 17:40:21,825 - snh.management.commands.cronharvester.twitterch - INFO - Getting new page:1 retry:0, params:{u'count': 100, u'term': 'liberty%3B+canada%3B+justice%3B+elections%3B+electoral%3B+', 'include_entities': 'True', u'since_id': None}
2015-05-28 17:40:22,027 - snh.management.commands.cronharvester.twitterch - INFO - Getting new page:1 retry:0, params:{u'count': 100, u'term': 'liberty%3B+canada%3B+justice%3B+elections%3B+electoral%3B+', 'include_entities': 'True', u'since_id': None}
2015-05-28 17:40:22,224 - snh.management.commands.cronharvester.twitterch - INFO - Getting new page:1 retry:0, params:{u'count': 100, u'term': 'liberty%3B+canada%3B+justice%3B+elections%3B+electoral%3B+', 'include_entities': 'True', u'since_id': None}
2015-05-28 17:40:22,440 - snh.management.commands.cronharvester.twitterch - INFO - Getting new page:1 retry:0, params:{u'count': 100, u'term': 'liberty%3B+canada%3B+justice%3B+elections%3B+electoral%3B+', 'include_entities': 'True', u'since_id': None}
2015-05-28 17:40:22,645 - snh.management.commands.cronharvester.twitterch - INFO - Getting new page:1 retry:0, params:{u'count': 100, u'term': 'liberty%3B+canada%3B+justice%3B+elections%3B+electoral%3B+', 'include_entities': 'True', u'since_id': None}
2015-05-28 17:40:22,843 - snh.management.commands.cronharvester.twitterch - INFO - Getting new page:1 retry:0, params:{u'count': 100, u'term': 'liberty%3B+canada%3B+justice%3B+elections%3B+electoral%3B+', 'include_entities': 'True', u'since_id': None}
2015-05-28 17:40:23,052 - snh.management.commands.cronharvester.twitterch - INFO - Getting new page:1 retry:0, params:{u'count': 100, u'term': 'liberty%3B+canada%3B+justice%3B+elections%3B+electoral%3B+', 'include_entities': 'True', u'since_id': None}
2015-05-28 17:40:23,266 - snh.management.commands.cronharvester.twitterch - INFO - Getting new page:1 retry:0, params:{u'count': 100, u'term': 'liberty%3B+canada%3B+justice%3B+elections%3B+electoral%3B+', 'include_entities': 'True', u'since_id': None}
2015-05-28 17:40:23,486 - snh.management.commands.cronharvester.twitterch - INFO - Getting new page:1 retry:0, params:{u'count': 100, u'term': 'liberty%3B+canada%3B+justice%3B+elections%3B+electoral%3B+', 'include_entities': 'True', u'since_id': None}
2015-05-28 17:40:23,692 - snh.management.commands.cronharvester.twitterch - INFO - Getting new page:1 retry:0, params:{u'count': 100, u'term': 'liberty%3B+canada%3B+justice%3B+elections%3B+electoral%3B+', 'include_entities': 'True', u'since_id': None}
2015-05-28 17:40:23,898 - snh.management.commands.cronharvester.twitterch - INFO - Getting new page:1 retry:0, params:{u'count': 100, u'term': 'liberty%3B+canada%3B+justice%3B+elections%3B+electoral%3B+', 'include_entities': 'True', u'since_id': None}
2015-05-28 17:40:24,114 - snh.management.commands.cronharvester.twitterch - INFO - Getting new page:1 retry:0, params:{u'count': 100, u'term': 'liberty%3B+canada%3B+justice%3B+elections%3B+electoral%3B+', 'include_entities': 'True', u'since_id': None}
2015-05-28 17:40:24,322 - snh.management.commands.cronharvester.twitterch - INFO - Getting new page:1 retry:0, params:{u'count': 100, u'term': 'liberty%3B+canada%3B+justice%3B+elections%3B+electoral%3B+', 'include_entities': 'True', u'since_id': None}
2015-05-28 17:40:24,519 - snh.management.commands.cronharvester.twitterch - INFO - Getting new page:1 retry:0, params:{u'count': 100, u'term': 'liberty%3B+canada%3B+justice%3B+elections%3B+electoral%3B+', 'include_entities': 'True', u'since_id': None}
2015-05-28 17:40:24,715 - snh.management.commands.cronharvester.twitterch - INFO - Getting new page:1 retry:0, params:{u'count': 100, u'term': 'liberty%3B+canada%3B+justice%3B+elections%3B+electoral%3B+', 'include_entities': 'True', u'since_id': None}
2015-05-28 17:40:24,916 - snh.management.commands.cronharvester.twitterch - INFO - Getting new page:1 retry:0, params:{u'count': 100, u'term': 'liberty%3B+canada%3B+justice%3B+elections%3B+electoral%3B+', 'include_entities': 'True', u'since_id': None}
2015-05-28 17:40:25,119 - snh.management.commands.cronharvester.twitterch - INFO - Getting new page:1 retry:0, params:{u'count': 100, u'term': 'liberty%3B+canada%3B+justice%3B+elections%3B+electoral%3B+', 'include_entities': 'True', u'since_id': None}
2015-05-28 17:40:25,325 - snh.management.commands.cronharvester.twitterch - INFO - Getting new page:1 retry:0, params:{u'count': 100, u'term': 'liberty%3B+canada%3B+justice%3B+elections%3B+electoral%3B+', 'include_entities': 'True', u'since_id': None}
2015-05-28 17:40:25,527 - snh.management.commands.cronharvester.twitterch - INFO - Getting new page:1 retry:0, params:{u'count': 100, u'term': 'liberty%3B+canada%3B+justice%3B+elections%3B+electoral%3B+', 'include_entities': 'True', u'since_id': None}
2015-05-28 17:40:25,763 - snh.management.commands.cronharvester.twitterch - INFO - Getting new page:1 retry:0, params:{u'count': 100, u'term': 'liberty%3B+canada%3B+justice%3B+elections%3B+electoral%3B+', 'include_entities': 'True', u'since_id': None}
2015-05-28 17:40:25,966 - snh.management.commands.cronharvester.twitterch - INFO - Getting new page:1 retry:0, params:{u'count': 100, u'term': 'liberty%3B+canada%3B+justice%3B+elections%3B+electoral%3B+', 'include_entities': 'True', u'since_id': None}
2015-05-28 17:40:26,166 - snh.management.commands.cronharvester.twitterch - INFO - Getting new page:1 retry:0, params:{u'count': 100, u'term': 'liberty%3B+canada%3B+justice%3B+elections%3B+electoral%3B+', 'include_entities': 'True', u'since_id': None}
2015-05-28 17:40:26,367 - snh.management.commands.cronharvester.twitterch - INFO - Getting new page:1 retry:0, params:{u'count': 100, u'term': 'liberty%3B+canada%3B+justice%3B+elections%3B+electoral%3B+', 'include_entities': 'True', u'since_id': None}
2015-05-28 17:40:26,571 - snh.management.commands.cronharvester.twitterch - INFO - Next page for liberty; canada; justice; elections; electoral; : Sam's Twitter test app Hits to go: 0, len:0
2015-05-28 17:40:26,572 - snh.management.commands.cronharvester.twitterch - INFO - last status date: None
2015-05-28 17:40:26,572 - snh.management.commands.cronharvester.twitterch - INFO - Will search for libert; canada; justice; lections; lectoral;  at page 1, since_id:None
2015-05-28 17:40:26,572 - snh.management.commands.cronharvester.twitterch - INFO - Next page for libert; canada; justice; lections; lectoral; : Sam's Twitter test app Hits to go: 0, len:0
2015-05-28 17:40:26,572 - snh.management.commands.cronharvester.twitterch - INFO - last status date: None
2015-05-28 17:40:26,796 - snh.management.commands.cronharvester.twitterch - INFO - End SEARCH API: Sam's Twitter test app Stats:{'concrete': {'remaining_hits': 0, 'reset_time_in_seconds': 1432850089, 'last_harvested_user': u'pmharper', 'reset_time': '2015-05-28 17:54:49', 'hourly_limit': 180, 'current_harvested_user': u'None'}, 'abstract': {'current_harvest_start_time': None, 'harvester_type': None, 'last_harvest_end_time': datetime.datetime(2015, 5, 28, 21, 40, 26, 790462), 'harvest_in_progress': False, 'harvester_name': u"Sam's Twitter test app", 'is_active': True, 'last_harvest_start_time': datetime.datetime(2015, 5, 28, 21, 39, 49, 230577), 'last_user_harvest_was_aborted': False}}
2015-05-28 17:40:26,796 - snh.management.commands.cronharvester.twitterch - INFO - End: Sam's Twitter test app Stats:{'concrete': {'remaining_hits': 0, 'reset_time_in_seconds': 1432850089, 'last_harvested_user': u'pmharper', 'reset_time': '2015-05-28 17:54:49', 'hourly_limit': 180, 'current_harvested_user': u'None'}, 'abstract': {'current_harvest_start_time': None, 'harvester_type': None, 'last_harvest_end_time': datetime.datetime(2015, 5, 28, 21, 40, 26, 790462), 'harvest_in_progress': False, 'harvester_name': u"Sam's Twitter test app", 'is_active': True, 'last_harvest_start_time': datetime.datetime(2015, 5, 28, 21, 39, 49, 230577), 'last_user_harvest_was_aborted': False}}
2015-05-28 17:40:26,799 - snh.management.commands.crontw - INFO - The harvest has end for the Twitter harvesters.                                                                                                                                                                                                                                                                                                                                                                                                                                                                                                                                                                                                                                                                                                                                                                                                                                                                                                                                                                                                                                        
2015-05-28 17:53:29,889 - snh.management.commands.crontw - INFO - Will run the Twitter harvesters.
2015-05-28 17:53:30,144 - snh.management.commands.cronharvester.twitterch - INFO - The harvester Sam's Twitter test app is active
2015-05-28 17:53:30,146 - snh.management.commands.cronharvester.twitterch - WARNING - The harvester Sam's Twitter test app is active but has exceeded the rate limit. Need to wait? {'concrete': {'remaining_hits': 0, 'reset_time_in_seconds': 1432850089, 'last_harvested_user': u'pmharper', 'reset_time': '2015-05-28 17:54:49', 'hourly_limit': 180, 'current_harvested_user': u'None'}, 'abstract': {'current_harvest_start_time': None, 'harvester_type': None, 'last_harvest_end_time': datetime.datetime(2015, 5, 28, 21, 40, 26), 'harvest_in_progress': False, 'harvester_name': u"Sam's Twitter test app", 'is_active': True, 'last_harvest_start_time': datetime.datetime(2015, 5, 28, 21, 39, 49), 'last_user_harvest_was_aborted': False}}
2015-05-28 17:53:30,151 - snh.management.commands.cronharvester.twitterch - INFO - START SEARCH API: Sam's Twitter test app Stats:{'concrete': {'remaining_hits': 0, 'reset_time_in_seconds': 1432850089, 'last_harvested_user': u'pmharper', 'reset_time': '2015-05-28 17:54:49', 'hourly_limit': 180, 'current_harvested_user': u'None'}, 'abstract': {'current_harvest_start_time': datetime.datetime(2015, 5, 28, 21, 53, 30, 146774), 'harvester_type': None, 'last_harvest_end_time': datetime.datetime(2015, 5, 28, 21, 40, 26), 'harvest_in_progress': True, 'harvester_name': u"Sam's Twitter test app", 'is_active': True, 'last_harvest_start_time': datetime.datetime(2015, 5, 28, 21, 39, 49), 'last_user_harvest_was_aborted': False}}
2015-05-28 17:53:30,153 - snh.management.commands.cronharvester.twitterch - INFO - Will search for liberty; canada; justice; elections; electoral;  at page 1, since_id:None
2015-05-28 17:53:30,153 - snh.management.commands.cronharvester.twitterch - INFO - Next page for liberty; canada; justice; elections; electoral; : Sam's Twitter test app Hits to go: 0, len:0
2015-05-28 17:53:30,153 - snh.management.commands.cronharvester.twitterch - INFO - last status date: None
2015-05-28 17:53:30,154 - snh.management.commands.cronharvester.twitterch - INFO - Will search for libert; canada; justice; lections; lectoral;  at page 1, since_id:None
2015-05-28 17:53:30,154 - snh.management.commands.cronharvester.twitterch - INFO - Next page for libert; canada; justice; lections; lectoral; : Sam's Twitter test app Hits to go: 0, len:0
2015-05-28 17:53:30,154 - snh.management.commands.cronharvester.twitterch - INFO - last status date: None
2015-05-28 17:53:30,373 - snh.management.commands.cronharvester.twitterch - INFO - End SEARCH API: Sam's Twitter test app Stats:{'concrete': {'remaining_hits': 0, 'reset_time_in_seconds': 1432850089, 'last_harvested_user': u'pmharper', 'reset_time': '2015-05-28 17:54:49', 'hourly_limit': 180, 'current_harvested_user': u'None'}, 'abstract': {'current_harvest_start_time': None, 'harvester_type': None, 'last_harvest_end_time': datetime.datetime(2015, 5, 28, 21, 53, 30, 368766), 'harvest_in_progress': False, 'harvester_name': u"Sam's Twitter test app", 'is_active': True, 'last_harvest_start_time': datetime.datetime(2015, 5, 28, 21, 53, 30, 146774), 'last_user_harvest_was_aborted': False}}
2015-05-28 17:53:30,373 - snh.management.commands.cronharvester.twitterch - INFO - End: Sam's Twitter test app Stats:{'concrete': {'remaining_hits': 0, 'reset_time_in_seconds': 1432850089, 'last_harvested_user': u'pmharper', 'reset_time': '2015-05-28 17:54:49', 'hourly_limit': 180, 'current_harvested_user': u'None'}, 'abstract': {'current_harvest_start_time': None, 'harvester_type': None, 'last_harvest_end_time': datetime.datetime(2015, 5, 28, 21, 53, 30, 368766), 'harvest_in_progress': False, 'harvester_name': u"Sam's Twitter test app", 'is_active': True, 'last_harvest_start_time': datetime.datetime(2015, 5, 28, 21, 53, 30, 146774), 'last_user_harvest_was_aborted': False}}
2015-05-28 17:53:30,373 - snh.management.commands.crontw - INFO - The harvest has end for the Twitter harvesters.                                                                                                                                                                                                                                                                                                                                                                                                                                                                                                                                                                                                                                                                                                                                                                                                                                                                                                                                                                                                                                        
2015-05-28 17:54:44,206 - snh.management.commands.crontw - INFO - Will run the Twitter harvesters.
2015-05-28 17:54:44,456 - snh.management.commands.cronharvester.twitterch - INFO - The harvester Sam's Twitter test app is active
2015-05-28 17:54:44,458 - snh.management.commands.cronharvester.twitterch - WARNING - The harvester Sam's Twitter test app is active but has exceeded the rate limit. Need to wait? {'concrete': {'remaining_hits': 0, 'reset_time_in_seconds': 1432850089, 'last_harvested_user': u'pmharper', 'reset_time': '2015-05-28 17:54:49', 'hourly_limit': 180, 'current_harvested_user': u'None'}, 'abstract': {'current_harvest_start_time': None, 'harvester_type': None, 'last_harvest_end_time': datetime.datetime(2015, 5, 28, 21, 53, 30), 'harvest_in_progress': False, 'harvester_name': u"Sam's Twitter test app", 'is_active': True, 'last_harvest_start_time': datetime.datetime(2015, 5, 28, 21, 53, 30), 'last_user_harvest_was_aborted': False}}
2015-05-28 17:54:44,463 - snh.management.commands.cronharvester.twitterch - INFO - START SEARCH API: Sam's Twitter test app Stats:{'concrete': {'remaining_hits': 0, 'reset_time_in_seconds': 1432850089, 'last_harvested_user': u'pmharper', 'reset_time': '2015-05-28 17:54:49', 'hourly_limit': 180, 'current_harvested_user': u'None'}, 'abstract': {'current_harvest_start_time': datetime.datetime(2015, 5, 28, 21, 54, 44, 458763), 'harvester_type': None, 'last_harvest_end_time': datetime.datetime(2015, 5, 28, 21, 53, 30), 'harvest_in_progress': True, 'harvester_name': u"Sam's Twitter test app", 'is_active': True, 'last_harvest_start_time': datetime.datetime(2015, 5, 28, 21, 53, 30), 'last_user_harvest_was_aborted': False}}
2015-05-28 17:54:44,469 - snh.management.commands.cronharvester.twitterch - INFO - Will search for liberty; canada; justice; elections; electoral;  at page 1, since_id:None
2015-05-28 17:54:44,469 - snh.management.commands.cronharvester.twitterch - INFO - Next page for liberty; canada; justice; elections; electoral; : Sam's Twitter test app Hits to go: 0, len:0
2015-05-28 17:54:44,469 - snh.management.commands.cronharvester.twitterch - INFO - last status date: None
2015-05-28 17:54:44,469 - snh.management.commands.cronharvester.twitterch - INFO - Will search for libert; canada; justice; lections; lectoral;  at page 1, since_id:None
2015-05-28 17:54:44,470 - snh.management.commands.cronharvester.twitterch - INFO - Next page for libert; canada; justice; lections; lectoral; : Sam's Twitter test app Hits to go: 0, len:0
2015-05-28 17:54:44,470 - snh.management.commands.cronharvester.twitterch - INFO - last status date: None
2015-05-28 17:54:44,683 - snh.management.commands.cronharvester.twitterch - INFO - End SEARCH API: Sam's Twitter test app Stats:{'concrete': {'remaining_hits': 0, 'reset_time_in_seconds': 1432850089, 'last_harvested_user': u'pmharper', 'reset_time': '2015-05-28 17:54:49', 'hourly_limit': 180, 'current_harvested_user': u'None'}, 'abstract': {'current_harvest_start_time': None, 'harvester_type': None, 'last_harvest_end_time': datetime.datetime(2015, 5, 28, 21, 54, 44, 679148), 'harvest_in_progress': False, 'harvester_name': u"Sam's Twitter test app", 'is_active': True, 'last_harvest_start_time': datetime.datetime(2015, 5, 28, 21, 54, 44, 458763), 'last_user_harvest_was_aborted': False}}
2015-05-28 17:54:44,684 - snh.management.commands.cronharvester.twitterch - INFO - End: Sam's Twitter test app Stats:{'concrete': {'remaining_hits': 0, 'reset_time_in_seconds': 1432850089, 'last_harvested_user': u'pmharper', 'reset_time': '2015-05-28 17:54:49', 'hourly_limit': 180, 'current_harvested_user': u'None'}, 'abstract': {'current_harvest_start_time': None, 'harvester_type': None, 'last_harvest_end_time': datetime.datetime(2015, 5, 28, 21, 54, 44, 679148), 'harvest_in_progress': False, 'harvester_name': u"Sam's Twitter test app", 'is_active': True, 'last_harvest_start_time': datetime.datetime(2015, 5, 28, 21, 54, 44, 458763), 'last_user_harvest_was_aborted': False}}
2015-05-28 17:54:44,684 - snh.management.commands.crontw - INFO - The harvest has end for the Twitter harvesters.                                                                                                                                                                                                                                                                                                                                                                                                                                                                                                                                                                                                                                                                                                                                                                                                                                                                                                                                                                                                                                        
