2015-05-28 17:59:32,798 - snh.management.commands.cronharvester.youtubech - INFO -                                                                                                                                                                                                                                                                                                                                                                                                                                                                                                                     
2015-05-28 17:59:32,871 - snh.management.commands.cronyt - INFO - Will run the Youtube harvesters.
2015-05-28 17:59:32,873 - snh.management.commands.cronharvester.youtubech - INFO - The harvester Sam's Youtube test app is active
2015-05-28 17:59:33,692 - snh.management.commands.cronharvester.youtubech - INFO - RequestError on user CBCTheNational. Trying to update anyway
2015-05-28 17:59:34,488 - snh.management.commands.cronharvester.youtubech - INFO - RequestError on user MacleansMagazine. Trying to update anyway
2015-05-28 17:59:35,279 - snh.management.commands.cronharvester.youtubech - INFO - RequestError on user RadioCanadaInfo. Trying to update anyway
2015-05-28 17:59:36,068 - snh.management.commands.cronharvester.youtubech - INFO - RequestError on user PartiLiberalduQuebec. Trying to update anyway
2015-05-28 17:59:36,864 - snh.management.commands.cronharvester.youtubech - INFO - RequestError on user LePartiQuebecois. Trying to update anyway
2015-05-28 17:59:37,658 - snh.management.commands.cronharvester.youtubech - INFO - RequestError on user QuebecSolidaire. Trying to update anyway
2015-05-28 17:59:37,660 - snh.management.commands.cronharvester.youtubech - INFO - User harvest completed Sam's Youtube test app Mem:66344.0 MB
2015-05-28 17:59:37,662 - snh.management.commands.cronharvester.youtubech - INFO - Will update user: CBCTheNational(0)
2015-05-28 17:59:38,464 - snh.management.commands.cronharvester.youtubech - ERROR - EXCEPTION: Sam's Youtube test app
Traceback (most recent call last):
  File "/srv/Social-Network-Harvester/SocialNetworkHarvester/snh/management/commands/cronharvester/youtubech.py", line 225, in run_harvester_v1
    update_all_videos(harvester)
  File "/srv/Social-Network-Harvester/SocialNetworkHarvester/DebugLogger.py", line 38, in inner
    ret = func(*args, **kwargs)
  File "/srv/Social-Network-Harvester/SocialNetworkHarvester/snh/management/commands/cronharvester/youtubech.py", line 199, in update_all_videos
    video_list = harvester.api_call("GetYouTubeVideoFeed",{"uri":get_vid_url})
  File "/srv/Social-Network-Harvester/SocialNetworkHarvester/DebugLogger.py", line 38, in inner
    ret = func(*args, **kwargs)
  File "/srv/Social-Network-Harvester/SocialNetworkHarvester/snh/models/youtubemodel.py", line 50, in api_call
    ret = metp(**params)
  File "/usr/local/lib/python2.7/dist-packages/gdata/youtube/service.py", line 186, in GetYouTubeVideoFeed
    return self.Get(uri, converter=gdata.youtube.YouTubeVideoFeedFromString)
  File "/usr/local/lib/python2.7/dist-packages/gdata/service.py", line 1108, in Get
    'reason': server_response.reason, 'body': result_body}
RequestError: {'status': 403, 'body': '<HTML>\n<HEAD>\n<TITLE>Invalid developer key</TITLE>\n</HEAD>\n<BODY BGCOLOR="#FFFFFF" TEXT="#000000">\n<H1>Invalid developer key</H1>\n<H2>Error 403</H2>\n</BODY>\n</HTML>\n', 'reason': 'Invalid developer key'}
2015-05-28 17:59:38,510 - snh.management.commands.cronharvester.youtubech - INFO - End: Sam's Youtube test app Stats:{'concrete': {}, 'abstract': {'current_harvest_start_time': None, 'harvester_type': None, 'last_harvest_end_time': datetime.datetime(2015, 5, 28, 21, 59, 38, 488920), 'harvest_in_progress': False, 'harvester_name': u"Sam's Youtube test app", 'is_active': True, 'last_harvest_start_time': datetime.datetime(2015, 5, 28, 21, 59, 32, 873894), 'last_user_harvest_was_aborted': False}} Mem:65476.0 MB
2015-05-28 17:59:38,511 - snh.management.commands.cronyt - INFO - The harvest has end for the Youtube harvesters.
2015-05-28 18:04:18,071 - snh.management.commands.cronharvester.youtubech - INFO -                                                                                                                                                                                                                                                                                                                                                                                                                                                                                                                     
2015-05-28 18:04:18,172 - snh.management.commands.cronyt - INFO - Will run the Youtube harvesters.
2015-05-28 18:04:18,175 - snh.management.commands.cronharvester.youtubech - INFO - The harvester Sam's Youtube test app is active
2015-05-28 18:04:18,983 - snh.management.commands.cronharvester.youtubech - INFO - RequestError on user CBCTheNational. Trying to update anyway
2015-05-28 18:04:19,772 - snh.management.commands.cronharvester.youtubech - INFO - RequestError on user MacleansMagazine. Trying to update anyway
2015-05-28 18:04:20,569 - snh.management.commands.cronharvester.youtubech - INFO - RequestError on user RadioCanadaInfo. Trying to update anyway
2015-05-28 18:04:21,366 - snh.management.commands.cronharvester.youtubech - INFO - RequestError on user PartiLiberalduQuebec. Trying to update anyway
2015-05-28 18:04:22,156 - snh.management.commands.cronharvester.youtubech - INFO - RequestError on user LePartiQuebecois. Trying to update anyway
2015-05-28 18:04:22,944 - snh.management.commands.cronharvester.youtubech - INFO - RequestError on user QuebecSolidaire. Trying to update anyway
2015-05-28 18:04:22,946 - snh.management.commands.cronharvester.youtubech - INFO - User harvest completed Sam's Youtube test app Mem:77296.0 MB
2015-05-28 18:04:22,948 - snh.management.commands.cronharvester.youtubech - INFO - Will update user: CBCTheNational(0)
2015-05-28 18:04:23,747 - snh.management.commands.cronharvester.youtubech - ERROR - EXCEPTION: Sam's Youtube test app
Traceback (most recent call last):
  File "/srv/Social-Network-Harvester/SocialNetworkHarvester/snh/management/commands/cronharvester/youtubech.py", line 225, in run_harvester_v1
    update_all_videos(harvester)
  File "/srv/Social-Network-Harvester/SocialNetworkHarvester/DebugLogger.py", line 38, in inner
    ret = func(*args, **kwargs)
  File "/srv/Social-Network-Harvester/SocialNetworkHarvester/snh/management/commands/cronharvester/youtubech.py", line 199, in update_all_videos
    video_list = harvester.api_call("GetYouTubeVideoFeed",{"uri":get_vid_url})
  File "/srv/Social-Network-Harvester/SocialNetworkHarvester/DebugLogger.py", line 38, in inner
    ret = func(*args, **kwargs)
  File "/srv/Social-Network-Harvester/SocialNetworkHarvester/snh/models/youtubemodel.py", line 50, in api_call
    ret = metp(**params)
  File "/usr/local/lib/python2.7/dist-packages/gdata/youtube/service.py", line 186, in GetYouTubeVideoFeed
    return self.Get(uri, converter=gdata.youtube.YouTubeVideoFeedFromString)
  File "/usr/local/lib/python2.7/dist-packages/gdata/service.py", line 1108, in Get
    'reason': server_response.reason, 'body': result_body}
RequestError: {'status': 403, 'body': '<HTML>\n<HEAD>\n<TITLE>Invalid developer key</TITLE>\n</HEAD>\n<BODY BGCOLOR="#FFFFFF" TEXT="#000000">\n<H1>Invalid developer key</H1>\n<H2>Error 403</H2>\n</BODY>\n</HTML>\n', 'reason': 'Invalid developer key'}
2015-05-28 18:04:23,762 - snh.management.commands.cronharvester.youtubech - INFO - End: Sam's Youtube test app Stats:{'concrete': {}, 'abstract': {'current_harvest_start_time': None, 'harvester_type': None, 'last_harvest_end_time': datetime.datetime(2015, 5, 28, 22, 4, 23, 757483), 'harvest_in_progress': False, 'harvester_name': u"Sam's Youtube test app", 'is_active': True, 'last_harvest_start_time': datetime.datetime(2015, 5, 28, 22, 4, 18, 175307), 'last_user_harvest_was_aborted': False}} Mem:76088.0 MB
2015-05-28 18:04:23,762 - snh.management.commands.cronyt - INFO - The harvest has end for the Youtube harvesters.
2015-05-28 18:10:18,909 - snh.management.commands.cronharvester.youtubech - INFO -                                                                                                                                                                                                                                                                                                                                                                                                                                                                                                                     
2015-05-28 18:10:18,984 - snh.management.commands.cronyt - INFO - Will run the Youtube harvesters.
2015-05-28 18:10:18,986 - snh.management.commands.cronharvester.youtubech - INFO - The harvester Sam's Youtube test app is active
2015-05-28 18:10:21,036 - snh.management.commands.cronharvester.youtubech - INFO - RequestError on user CBCTheNational. Trying to update anyway
2015-05-28 18:10:21,837 - snh.management.commands.cronharvester.youtubech - INFO - RequestError on user MacleansMagazine. Trying to update anyway
2015-05-28 18:10:24,215 - snh.management.commands.cronharvester.youtubech - INFO - RequestError on user RadioCanadaInfo. Trying to update anyway
2015-05-28 18:10:25,004 - snh.management.commands.cronharvester.youtubech - INFO - RequestError on user PartiLiberalduQuebec. Trying to update anyway
2015-05-28 18:10:25,792 - snh.management.commands.cronharvester.youtubech - INFO - RequestError on user LePartiQuebecois. Trying to update anyway
2015-05-28 18:10:26,623 - snh.management.commands.cronharvester.youtubech - INFO - RequestError on user QuebecSolidaire. Trying to update anyway
2015-05-28 18:10:26,625 - snh.management.commands.cronharvester.youtubech - INFO - User harvest completed Sam's Youtube test app Mem:746060.0 MB
2015-05-28 18:10:26,626 - snh.management.commands.cronharvester.youtubech - INFO - Will update user: CBCTheNational(0)
2015-05-28 18:10:27,513 - snh.management.commands.cronharvester.youtubech - ERROR - EXCEPTION: Sam's Youtube test app
Traceback (most recent call last):
  File "/srv/Social-Network-Harvester/SocialNetworkHarvester/snh/management/commands/cronharvester/youtubech.py", line 225, in run_harvester_v1
    update_all_videos(harvester)
  File "/srv/Social-Network-Harvester/SocialNetworkHarvester/DebugLogger.py", line 38, in inner
    ret = func(*args, **kwargs)
  File "/srv/Social-Network-Harvester/SocialNetworkHarvester/snh/management/commands/cronharvester/youtubech.py", line 199, in update_all_videos
    video_list = harvester.api_call("GetYouTubeVideoFeed",{"uri":get_vid_url})
  File "/srv/Social-Network-Harvester/SocialNetworkHarvester/DebugLogger.py", line 38, in inner
    ret = func(*args, **kwargs)
  File "/srv/Social-Network-Harvester/SocialNetworkHarvester/snh/models/youtubemodel.py", line 50, in api_call
    ret = metp(**params)
  File "/usr/local/lib/python2.7/dist-packages/gdata/youtube/service.py", line 186, in GetYouTubeVideoFeed
    return self.Get(uri, converter=gdata.youtube.YouTubeVideoFeedFromString)
  File "/usr/local/lib/python2.7/dist-packages/gdata/service.py", line 1108, in Get
    'reason': server_response.reason, 'body': result_body}
RequestError: {'status': 403, 'body': '<HTML>\n<HEAD>\n<TITLE>Invalid format for header X-GData-Key</TITLE>\n</HEAD>\n<BODY BGCOLOR="#FFFFFF" TEXT="#000000">\n<H1>Invalid format for header X-GData-Key</H1>\n<H2>Error 403</H2>\n</BODY>\n</HTML>\n', 'reason': 'Invalid format for header X-GData-Key'}
2015-05-28 18:10:27,529 - snh.management.commands.cronharvester.youtubech - INFO - End: Sam's Youtube test app Stats:{'concrete': {}, 'abstract': {'current_harvest_start_time': None, 'harvester_type': None, 'last_harvest_end_time': datetime.datetime(2015, 5, 28, 22, 10, 27, 523525), 'harvest_in_progress': False, 'harvester_name': u"Sam's Youtube test app", 'is_active': True, 'last_harvest_start_time': datetime.datetime(2015, 5, 28, 22, 10, 18, 987054), 'last_user_harvest_was_aborted': False}} Mem:745224.0 MB
2015-05-28 18:10:27,529 - snh.management.commands.cronyt - INFO - The harvest has end for the Youtube harvesters.
